[2026-05-07T22:53:27.868] [DEBUG] debug-file - default@CompileArkTS work[28] has been dispatched to worker[6].
[2026-05-07T22:53:27.868] [DEBUG] debug-file - default@CompileArkTS work[28] is dispatched.
[2026-05-07T22:53:27.868] [DEBUG] debug-file - entry : default@CompileArkTS cost memory 1.8939971923828125
[2026-05-07T22:53:27.869] [DEBUG] debug-file - Executing task :entry:default@BuildJS
[2026-05-07T22:53:27.869] [DEBUG] debug-file - Task 'entry:default@BuildJS' cost while wrapping incremental declarations: 1 ms 
[2026-05-07T22:53:27.870] [DEBUG] debug-file - entry : default@BuildJS cost memory 0.16207122802734375
[2026-05-07T22:53:27.870] [DEBUG] debug-file - runTaskFromQueue task cost before running: 407 ms 
[2026-05-07T22:53:27.870] [INFO] debug-file - Finished :entry:default@BuildJS... after 1 ms 
[2026-05-07T22:53:27.870] [DEBUG] debug-file - Executing task :auth:default@DoNativeStrip
[2026-05-07T22:53:27.870] [DEBUG] debug-file - Task 'auth:default@DoNativeStrip' cost while wrapping incremental declarations: 1 ms 
[2026-05-07T22:53:27.870] [DEBUG] debug-file - Incremental task auth:default@DoNativeStrip pre-execution cost: 1 ms .
[2026-05-07T22:53:27.870] [DEBUG] debug-file - auth : default@DoNativeStrip cost memory 0.06478118896484375
[2026-05-07T22:53:27.870] [INFO] debug-file - UP-TO-DATE :auth:default@DoNativeStrip...  
[2026-05-07T22:53:27.870] [DEBUG] debug-file - Executing task :terminal:default@DoNativeStrip
[2026-05-07T22:53:27.870] [DEBUG] debug-file - Task 'terminal:default@DoNativeStrip' cost while wrapping incremental declarations: 1 ms 
[2026-05-07T22:53:27.871] [DEBUG] debug-file - Incremental task terminal:default@DoNativeStrip pre-execution cost: 1 ms .
[2026-05-07T22:53:27.871] [DEBUG] debug-file - terminal : default@DoNativeStrip cost memory 0.066802978515625
[2026-05-07T22:53:27.871] [INFO] debug-file - UP-TO-DATE :terminal:default@DoNativeStrip...  
[2026-05-07T22:53:27.871] [DEBUG] debug-file - Executing task :worker:default@DoNativeStrip
[2026-05-07T22:53:27.871] [DEBUG] debug-file - Task 'worker:default@DoNativeStrip' cost while wrapping incremental declarations: 1 ms 
[2026-05-07T22:53:27.871] [DEBUG] debug-file - Incremental task worker:default@DoNativeStrip pre-execution cost: 1 ms .
[2026-05-07T22:53:27.871] [DEBUG] debug-file - worker : default@DoNativeStrip cost memory 0.06287384033203125
[2026-05-07T22:53:27.871] [INFO] debug-file - UP-TO-DATE :worker:default@DoNativeStrip...  
[2026-05-07T22:53:27.871] [DEBUG] debug-file - Executing task :settings:default@DoNativeStrip
[2026-05-07T22:53:27.871] [DEBUG] debug-file - Task 'settings:default@DoNativeStrip' cost while wrapping incremental declarations: 1 ms 
[2026-05-07T22:53:27.871] [DEBUG] debug-file - Incremental task settings:default@DoNativeStrip pre-execution cost: 1 ms .
[2026-05-07T22:53:27.871] [DEBUG] debug-file - settings : default@DoNativeStrip cost memory 0.0659027099609375
[2026-05-07T22:53:27.871] [INFO] debug-file - UP-TO-DATE :settings:default@DoNativeStrip...  
[2026-05-07T22:53:27.872] [DEBUG] debug-file - Executing task :entry:default@BuildNativeWithNinja
[2026-05-07T22:53:27.872] [DEBUG] debug-file - entry : default@BuildNativeWithNinja cost memory 0.02242279052734375
[2026-05-07T22:53:27.872] [DEBUG] debug-file - runTaskFromQueue task cost before running: 409 ms 
[2026-05-07T22:53:27.872] [INFO] debug-file - Finished :entry:default@BuildNativeWithNinja... after 1 ms 
[2026-05-07T22:53:27.872] [DEBUG] debug-file - Executing task :entry:default@ProcessLibs
[2026-05-07T22:53:27.874] [DEBUG] debug-file - Incremental task entry:default@ProcessLibs pre-execution cost: 1 ms .
[2026-05-07T22:53:27.874] [DEBUG] debug-file - entry : default@ProcessLibs cost memory 0.801422119140625
[2026-05-07T22:53:27.874] [INFO] debug-file - UP-TO-DATE :entry:default@ProcessLibs...  
[2026-05-07T22:53:27.874] [DEBUG] debug-file - Executing task :entry:default@DoNativeStrip
[2026-05-07T22:53:27.875] [DEBUG] debug-file - Task 'entry:default@DoNativeStrip' cost while wrapping incremental declarations: 1 ms 
[2026-05-07T22:53:27.875] [DEBUG] debug-file - Incremental task entry:default@DoNativeStrip pre-execution cost: 1 ms .
[2026-05-07T22:53:27.875] [DEBUG] debug-file - entry : default@DoNativeStrip cost memory 0.064971923828125
[2026-05-07T22:53:27.875] [INFO] debug-file - UP-TO-DATE :entry:default@DoNativeStrip...  
[2026-05-07T22:53:27.876] [DEBUG] debug-file - Executing task :entry:default@CacheNativeLibs
[2026-05-07T22:53:27.876] [DEBUG] debug-file - Task 'entry:default@CacheNativeLibs' cost while wrapping incremental declarations: 1 ms 
[2026-05-07T22:53:27.876] [DEBUG] debug-file - Incremental task entry:default@CacheNativeLibs pre-execution cost: 1 ms .
[2026-05-07T22:53:27.876] [DEBUG] debug-file - entry : default@CacheNativeLibs cost memory 0.07836151123046875
[2026-05-07T22:53:27.876] [INFO] debug-file - UP-TO-DATE :entry:default@CacheNativeLibs...  
[2026-05-07T22:53:28.189] [DEBUG] debug-file - worker[6] has one work done.
[2026-05-07T22:53:28.189] [DEBUG] debug-file - CopyResources is end, endTime: 38402720705916
[2026-05-07T22:53:28.190] [DEBUG] debug-file - default@CompileArkTS work[28] done.
[2026-05-07T22:53:28.190] [DEBUG] debug-file - A work dispatched to worker[6] failed because unable to get work from ready queue.
[2026-05-07T22:53:29.115] [DEBUG] debug-file - worker[4] has one work done.
[2026-05-07T22:53:29.116] [DEBUG] debug-file - default@CompileArkTS work[27] done.
[2026-05-07T22:53:29.116] [DEBUG] debug-file - A work dispatched to worker[4] failed because unable to get work from ready queue.
[2026-05-07T22:53:29.116] [INFO] debug-file - Finished :entry:default@CompileArkTS... after 1 s 257 ms 
[2026-05-07T22:53:29.117] [DEBUG] debug-file - Executing task :entry:default@GeneratePkgModuleJson
[2026-05-07T22:53:29.117] [DEBUG] debug-file - File: '/Volumes/MacMiniDisk/workspace/CortexTerminal2/src/Harmony/product/entry/build/default/intermediates/preload/default/preload.json' from 'preloadSoJsonPath' is not exists, just ignore.
[2026-05-07T22:53:29.117] [DEBUG] debug-file - Error occurs while handling @Input 'shouldDeduplicateHar': The "data" argument must be of type string or an instance of Buffer, TypedArray, or DataView. Received undefined
[2026-05-07T22:53:29.117] [DEBUG] debug-file - Task 'entry:default@GeneratePkgModuleJson' cost while wrapping incremental declarations: 1 ms 
[2026-05-07T22:53:29.117] [DEBUG] debug-file - entry:default@GeneratePkgModuleJson is not up-to-date, since the input file '/Volumes/MacMiniDisk/workspace/CortexTerminal2/src/Harmony/product/entry/build/default/intermediates/res/default/module.json' has been changed.
[2026-05-07T22:53:29.117] [DEBUG] debug-file - Incremental task entry:default@GeneratePkgModuleJson pre-execution cost: 1 ms .
[2026-05-07T22:53:29.118] [DEBUG] debug-file - entry : default@GeneratePkgModuleJson cost memory 0.17743682861328125
[2026-05-07T22:53:29.118] [DEBUG] debug-file - runTaskFromQueue task cost before running: 1 s 655 ms 
[2026-05-07T22:53:29.118] [INFO] debug-file - Finished :entry:default@GeneratePkgModuleJson... after 1 ms 
[2026-05-07T22:53:29.118] [DEBUG] debug-file - Executing task :entry:default@ProcessCompiledResources
[2026-05-07T22:53:29.118] [DEBUG] debug-file - File: '/Volumes/MacMiniDisk/workspace/CortexTerminal2/src/Harmony/product/entry/build/default/intermediates/preload/default/preload.json' from 'preloadSoJsonPath' is not exists, just ignore.
[2026-05-07T22:53:29.118] [DEBUG] debug-file - Task 'entry:default@ProcessCompiledResources' cost while wrapping incremental declarations: 1 ms 
[2026-05-07T22:53:29.118] [DEBUG] debug-file - entry : default@ProcessCompiledResources cost memory 0.06110382080078125
[2026-05-07T22:53:29.118] [DEBUG] debug-file - runTaskFromQueue task cost before running: 1 s 656 ms 
[2026-05-07T22:53:29.118] [INFO] debug-file - Finished :entry:default@ProcessCompiledResources... after 1 ms 
[2026-05-07T22:53:29.119] [DEBUG] debug-file - Executing task :entry:default@PackageHap
[2026-05-07T22:53:29.120] [DEBUG] debug-file - entry:default@PackageHap is not up-to-date, since the input file '/Volumes/MacMiniDisk/workspace/CortexTerminal2/src/Harmony/product/entry/build/default/intermediates/res/default/module.json' has been changed.
[2026-05-07T22:53:29.120] [DEBUG] debug-file - Incremental task entry:default@PackageHap pre-execution cost: 1 ms .
[2026-05-07T22:53:29.120] [DEBUG] debug-file - Use tool [/Applications/DevEco-Studio.app/Contents/sdk/default/openharmony/toolchains/lib/app_packing_tool.jar]
 [
  'java',
  '-Dfile.encoding=utf-8',
  '-jar',
  '/Applications/DevEco-Studio.app/Contents/sdk/default/openharmony/toolchains/lib/app_packing_tool.jar',
  '--mode',
  'hap',
  '--force',
  'true',
  '--lib-path',
  '/Volumes/MacMiniDisk/workspace/CortexTerminal2/src/Harmony/product/entry/build/default/intermediates/stripped_native_libs/default',
  '--json-path',
  '/Volumes/MacMiniDisk/workspace/CortexTerminal2/src/Harmony/product/entry/build/default/intermediates/package/default/module.json',
  '--resources-path',
  '/Volumes/MacMiniDisk/workspace/CortexTerminal2/src/Harmony/product/entry/build/default/intermediates/res/default/resources',
  '--index-path',
  '/Volumes/MacMiniDisk/workspace/CortexTerminal2/src/Harmony/product/entry/build/default/intermediates/res/default/resources.index',
  '--pack-info-path',
  '/Volumes/MacMiniDisk/workspace/CortexTerminal2/src/Harmony/product/entry/build/default/outputs/default/pack.info',
  '--out-path',
  '/Volumes/MacMiniDisk/workspace/CortexTerminal2/src/Harmony/product/entry/build/default/outputs/default/entry-default-unsigned.hap',
  '--ets-path',
  '/Volumes/MacMiniDisk/workspace/CortexTerminal2/src/Harmony/product/entry/build/default/intermediates/loader_out/default/ets'
]
[2026-05-07T22:53:29.155] [DEBUG] debug-file - java daemon socket received message:{"code":0,"message":"pack success"}
[2026-05-07T22:53:29.157] [DEBUG] debug-file - entry : default@PackageHap cost memory 0.50018310546875
[2026-05-07T22:53:29.157] [DEBUG] debug-file - runTaskFromQueue task cost before running: 1 s 694 ms 
[2026-05-07T22:53:29.157] [INFO] debug-file - Finished :entry:default@PackageHap... after 39 ms 
[2026-05-07T22:53:29.158] [DEBUG] debug-file - Executing task :entry:default@PackingCheck
[2026-05-07T22:53:29.160] [DEBUG] debug-file - entry : default@PackingCheck cost memory 0.35420989990234375
[2026-05-07T22:53:29.160] [DEBUG] debug-file - runTaskFromQueue task cost before running: 1 s 697 ms 
[2026-05-07T22:53:29.160] [INFO] debug-file - Finished :entry:default@PackingCheck... after 3 ms 
[2026-05-07T22:53:29.160] [DEBUG] debug-file - Executing task :entry:default@SignHap
[2026-05-07T22:53:29.161] [DEBUG] debug-file - entry:default@SignHap is not up-to-date, since the input file '/Volumes/MacMiniDisk/workspace/CortexTerminal2/src/Harmony/product/entry/build/default/outputs/default/entry-default-unsigned.hap' has been changed.
[2026-05-07T22:53:29.161] [DEBUG] debug-file - Incremental task entry:default@SignHap pre-execution cost: 1 ms .
[2026-05-07T22:53:29.170] [DEBUG] debug-file - java daemon socket close code:1000 reason:close by user
[2026-05-07T22:53:29.182] [DEBUG] debug-file - java daemon socket received message:{"code":0,"message":"verify profile success"}
[2026-05-07T22:53:29.184] [DEBUG] debug-file - java daemon socket close code:1000 reason:close by user
[2026-05-07T22:53:29.248] [DEBUG] debug-file - java daemon socket received message:{"code":0,"message":"sign app success"}
[2026-05-07T22:53:29.248] [DEBUG] debug-file - entry : default@SignHap cost memory 0.4615325927734375
[2026-05-07T22:53:29.248] [DEBUG] debug-file - runTaskFromQueue task cost before running: 1 s 785 ms 
[2026-05-07T22:53:29.248] [INFO] debug-file - Finished :entry:default@SignHap... after 88 ms 
[2026-05-07T22:53:29.249] [DEBUG] debug-file - Executing task :entry:default@CollectDebugSymbol
[2026-05-07T22:53:29.249] [DEBUG] debug-file - entry : default@CollectDebugSymbol cost memory 0.09914398193359375
[2026-05-07T22:53:29.249] [DEBUG] debug-file - runTaskFromQueue task cost before running: 1 s 787 ms 
[2026-05-07T22:53:29.249] [INFO] debug-file - Finished :entry:default@CollectDebugSymbol... after 1 ms 
[2026-05-07T22:53:29.249] [DEBUG] debug-file - Executing task :entry:assembleHap
[2026-05-07T22:53:29.249] [DEBUG] debug-file - entry : assembleHap cost memory 0.01308441162109375
[2026-05-07T22:53:29.249] [DEBUG] debug-file - runTaskFromQueue task cost before running: 1 s 787 ms 
[2026-05-07T22:53:29.250] [INFO] debug-file - Finished :entry:assembleHap... after 1 ms 
[2026-05-07T22:53:29.250] [INFO] debug-file - BUILD SUCCESSFUL in 1 s 787 ms 
[2026-05-07T22:53:29.250] [DEBUG] debug-file - Update task entry:default@PreBuild input file:/Volumes/MacMiniDisk/workspace/CortexTerminal2/src/Harmony/AppScope/app.json5 cache by regenerate.
[2026-05-07T22:53:29.251] [DEBUG] debug-file - Update task entry:default@PreBuild input file:/Volumes/MacMiniDisk/workspace/CortexTerminal2/src/Harmony/product/entry/src/main/module.json5 cache from map.
[2026-05-07T22:53:29.251] [DEBUG] debug-file - Update task entry:default@PreBuild input file:/Volumes/MacMiniDisk/workspace/CortexTerminal2/src/Harmony/build-profile.json5 cache by regenerate.
[2026-05-07T22:53:29.251] [DEBUG] debug-file - Update task entry:default@PreBuild input file:/Volumes/MacMiniDisk/workspace/CortexTerminal2/src/Harmony/product/entry/build-profile.json5 cache by regenerate.
[2026-05-07T22:53:29.251] [DEBUG] debug-file - Update task entry:default@PreBuild input file:/Volumes/MacMiniDisk/workspace/CortexTerminal2/src/Harmony/product/entry/src/main/resources/base/profile/main_pages.json cache by regenerate.
[2026-05-07T22:53:29.251] [DEBUG] debug-file - Update task entry:default@PreBuild input file:/Volumes/MacMiniDisk/workspace/CortexTerminal2/src/Harmony/hvigor/hvigor-config.json5 cache by regenerate.
[2026-05-07T22:53:29.251] [DEBUG] debug-file - Update task entry:default@PreBuild input file:/Volumes/MacMiniDisk/workspace/CortexTerminal2/src/Harmony/product/entry/oh-package.json5 cache by regenerate.
[2026-05-07T22:53:29.251] [DEBUG] debug-file - Update task entry:default@PreBuild input file:/Volumes/MacMiniDisk/workspace/CortexTerminal2/src/Harmony/oh-package.json5 cache by regenerate.
[2026-05-07T22:53:29.251] [DEBUG] debug-file - Incremental task entry:default@PreBuild post-execution cost:1 ms .
[2026-05-07T22:53:29.251] [DEBUG] debug-file - There is no need to refresh cache, since the incremental task core:default@PreBuild is up-to-date.
[2026-05-07T22:53:29.251] [DEBUG] debug-file - There is no need to refresh cache, since the incremental task auth:default@PreBuild is up-to-date.
[2026-05-07T22:53:29.251] [DEBUG] debug-file - There is no need to refresh cache, since the incremental task terminal:default@PreBuild is up-to-date.
[2026-05-07T22:53:29.251] [DEBUG] debug-file - There is no need to refresh cache, since the incremental task worker:default@PreBuild is up-to-date.
[2026-05-07T22:53:29.251] [DEBUG] debug-file - There is no need to refresh cache, since the incremental task settings:default@PreBuild is up-to-date.
[2026-05-07T22:53:29.251] [DEBUG] debug-file - Update task entry:default@CreateModuleInfo output file:/Volumes/MacMiniDisk/workspace/CortexTerminal2/src/Harmony/product/entry/build/default/generated/profile/default/ModuleInfo.ts cache.
[2026-05-07T22:53:29.251] [DEBUG] debug-file - Incremental task entry:default@CreateModuleInfo post-execution cost:1 ms .
[2026-05-07T22:53:29.252] [DEBUG] debug-file - Update task entry:default@GenerateMetadata input file:/Volumes/MacMiniDisk/workspace/CortexTerminal2/src/Harmony/product/entry/src/main/module.json5 cache from map.
[2026-05-07T22:53:29.252] [DEBUG] debug-file - Update task entry:default@GenerateMetadata output file:/Volumes/MacMiniDisk/workspace/CortexTerminal2/src/Harmony/product/entry/build/default/intermediates/hap_metadata/default/output_metadata.json cache.
[2026-05-07T22:53:29.252] [DEBUG] debug-file - Incremental task entry:default@GenerateMetadata post-execution cost:1 ms .
[2026-05-07T22:53:29.252] [DEBUG] debug-file - Update task entry:default@GeneratePkgContextInfo output file:/Volumes/MacMiniDisk/workspace/CortexTerminal2/src/Harmony/product/entry/build/default/intermediates/loader/default/pkgContextInfo.json cache.
[2026-05-07T22:53:29.252] [DEBUG] debug-file - Incremental task entry:default@GeneratePkgContextInfo post-execution cost:1 ms .
[2026-05-07T22:53:29.253] [DEBUG] debug-file - Update task entry:default@ProcessIntegratedHsp output file:/Volumes/MacMiniDisk/workspace/CortexTerminal2/src/Harmony/build/cache/default/integrated_hsp/integratedHspCache.json cache.
[2026-05-07T22:53:29.253] [DEBUG] debug-file - Incremental task entry:default@ProcessIntegratedHsp post-execution cost:1 ms .
[2026-05-07T22:53:29.253] [DEBUG] debug-file - There is no need to refresh cache, since the incremental task core:default@CreateHarBuildProfile is up-to-date.
[2026-05-07T22:53:29.253] [DEBUG] debug-file - There is no need to refresh cache, since the incremental task core:default@MergeProfile is up-to-date.
[2026-05-07T22:53:29.253] [DEBUG] debug-file - Update task entry:default@SyscapTransform input file:/Applications/DevEco-Studio.app/Contents/sdk/default/openharmony/toolchains/syscap_tool cache by regenerate.
[2026-05-07T22:53:29.254] [DEBUG] debug-file - Update task entry:default@SyscapTransform input file:/Applications/DevEco-Studio.app/Contents/sdk/default/openharmony/ets/api/device-define cache by regenerate.
[2026-05-07T22:53:29.254] [DEBUG] debug-file - Update task entry:default@SyscapTransform output file:/Volumes/MacMiniDisk/workspace/CortexTerminal2/src/Harmony/product/entry/build/default/intermediates/syscap/default/rpcid.sc cache.
[2026-05-07T22:53:29.254] [DEBUG] debug-file - Incremental task entry:default@SyscapTransform post-execution cost:2 ms .
[2026-05-07T22:53:29.254] [DEBUG] debug-file - Update task entry:default@ProcessRouterMap input file:/Volumes/MacMiniDisk/workspace/CortexTerminal2/src/Harmony/product/entry/oh-package.json5 cache by regenerate.
[2026-05-07T22:53:29.254] [DEBUG] debug-file - Update task entry:default@ProcessRouterMap input file:/Volumes/MacMiniDisk/workspace/CortexTerminal2/src/Harmony/oh-package.json5 cache by regenerate.
[2026-05-07T22:53:29.254] [DEBUG] debug-file - Update task entry:default@ProcessRouterMap input file:/Volumes/MacMiniDisk/workspace/CortexTerminal2/src/Harmony/product/entry/src/main/module.json5 cache from map.
[2026-05-07T22:53:29.255] [DEBUG] debug-file - Update task entry:default@ProcessRouterMap output file:/Volumes/MacMiniDisk/workspace/CortexTerminal2/src/Harmony/product/entry/build/default/intermediates/router_map/default/temp-router-map.json cache.
[2026-05-07T22:53:29.255] [DEBUG] debug-file - Update task entry:default@ProcessRouterMap output file:/Volumes/MacMiniDisk/workspace/CortexTerminal2/src/Harmony/product/entry/build/default/intermediates/router_map/default/loader-router-map.json cache.
[2026-05-07T22:53:29.255] [DEBUG] debug-file - Incremental task entry:default@ProcessRouterMap post-execution cost:1 ms .
[2026-05-07T22:53:29.255] [DEBUG] debug-file - Update task entry:default@ProcessShareConfig input file:/Volumes/MacMiniDisk/workspace/CortexTerminal2/src/Harmony/product/entry/oh-package.json5 cache by regenerate.
[2026-05-07T22:53:29.255] [DEBUG] debug-file - Update task entry:default@ProcessShareConfig input file:/Volumes/MacMiniDisk/workspace/CortexTerminal2/src/Harmony/oh-package.json5 cache by regenerate.
[2026-05-07T22:53:29.255] [DEBUG] debug-file - Update task entry:default@ProcessShareConfig input file:/Volumes/MacMiniDisk/workspace/CortexTerminal2/src/Harmony/product/entry/src/main/module.json5 cache from map.
[2026-05-07T22:53:29.255] [DEBUG] debug-file - Update task entry:default@ProcessShareConfig output file:/Volumes/MacMiniDisk/workspace/CortexTerminal2/src/Harmony/product/entry/build/default/intermediates/share_config/default/temp-share-config.json cache.
[2026-05-07T22:53:29.255] [DEBUG] debug-file - Incremental task entry:default@ProcessShareConfig post-execution cost:1 ms .
[2026-05-07T22:53:29.255] [DEBUG] debug-file - Update task entry:default@ProcessStartupConfig output file:/Volumes/MacMiniDisk/workspace/CortexTerminal2/src/Harmony/product/entry/build/default/intermediates/startup/default/startup_config.json cache.
[2026-05-07T22:53:29.255] [DEBUG] debug-file - Incremental task entry:default@ProcessStartupConfig post-execution cost:1 ms .
[2026-05-07T22:53:29.255] [DEBUG] debug-file - There is no need to refresh cache, since the incremental task auth:default@CreateHarBuildProfile is up-to-date.
[2026-05-07T22:53:29.255] [DEBUG] debug-file - There is no need to refresh cache, since the incremental task terminal:default@CreateHarBuildProfile is up-to-date.
[2026-05-07T22:53:29.255] [DEBUG] debug-file - There is no need to refresh cache, since the incremental task worker:default@CreateHarBuildProfile is up-to-date.
[2026-05-07T22:53:29.255] [DEBUG] debug-file - There is no need to refresh cache, since the incremental task settings:default@CreateHarBuildProfile is up-to-date.
[2026-05-07T22:53:29.255] [DEBUG] debug-file - There is no need to refresh cache, since the incremental task auth:default@MergeProfile is up-to-date.
[2026-05-07T22:53:29.255] [DEBUG] debug-file - There is no need to refresh cache, since the incremental task terminal:default@MergeProfile is up-to-date.
[2026-05-07T22:53:29.255] [DEBUG] debug-file - There is no need to refresh cache, since the incremental task worker:default@MergeProfile is up-to-date.
[2026-05-07T22:53:29.255] [DEBUG] debug-file - There is no need to refresh cache, since the incremental task settings:default@MergeProfile is up-to-date.
[2026-05-07T22:53:29.255] [DEBUG] debug-file - Obtain build option for module 'core' target 'default'in this build.
[2026-05-07T22:53:29.255] [DEBUG] debug-file - Obtain build option for module 'auth' target 'default'in this build.
[2026-05-07T22:53:29.255] [DEBUG] debug-file - Obtain build option for module 'terminal' target 'default'in this build.
[2026-05-07T22:53:29.255] [DEBUG] debug-file - Obtain build option for module 'worker' target 'default'in this build.
[2026-05-07T22:53:29.255] [DEBUG] debug-file - Obtain build option for module 'settings' target 'default'in this build.
[2026-05-07T22:53:29.255] [DEBUG] debug-file - Update task entry:default@GenerateLoaderJson input file:/Volumes/MacMiniDisk/workspace/CortexTerminal2/src/Harmony/product/entry/build/default/intermediates/router_map/default/temp-router-map.json cache from map.
[2026-05-07T22:53:29.255] [DEBUG] debug-file - Update task entry:default@GenerateLoaderJson output file:/Volumes/MacMiniDisk/workspace/CortexTerminal2/src/Harmony/product/entry/build/default/intermediates/loader/default/loader.json cache.
[2026-05-07T22:53:29.255] [DEBUG] debug-file - Incremental task entry:default@GenerateLoaderJson post-execution cost:1 ms .
[2026-05-07T22:53:29.255] [DEBUG] debug-file - There is no need to refresh cache, since the incremental task entry:default@CreateBuildProfile is up-to-date.
[2026-05-07T22:53:29.255] [DEBUG] debug-file - Update task entry:default@MergeProfile input file:/Volumes/MacMiniDisk/workspace/CortexTerminal2/src/Harmony/AppScope/app.json5 cache by regenerate.
[2026-05-07T22:53:29.255] [DEBUG] debug-file - Update task entry:default@MergeProfile input file:/Volumes/MacMiniDisk/workspace/CortexTerminal2/src/Harmony/build-profile.json5 cache by regenerate.
[2026-05-07T22:53:29.255] [DEBUG] debug-file - Update task entry:default@MergeProfile input file:/Volumes/MacMiniDisk/workspace/CortexTerminal2/src/Harmony/product/entry/src/main/module.json5 cache from map.
[2026-05-07T22:53:29.255] [DEBUG] debug-file - Update task entry:default@MergeProfile input file:/Volumes/MacMiniDisk/workspace/CortexTerminal2/src/Harmony/common/core/build/default/intermediates/merge_profile/default/module.json cache by regenerate.
[2026-05-07T22:53:29.256] [DEBUG] debug-file - Update task entry:default@MergeProfile input file:/Volumes/MacMiniDisk/workspace/CortexTerminal2/src/Harmony/feature/auth/build/default/intermediates/merge_profile/default/module.json cache by regenerate.
[2026-05-07T22:53:29.256] [DEBUG] debug-file - Update task entry:default@MergeProfile input file:/Volumes/MacMiniDisk/workspace/CortexTerminal2/src/Harmony/feature/terminal/build/default/intermediates/merge_profile/default/module.json cache by regenerate.
[2026-05-07T22:53:29.256] [DEBUG] debug-file - Update task entry:default@MergeProfile input file:/Volumes/MacMiniDisk/workspace/CortexTerminal2/src/Harmony/feature/worker/build/default/intermediates/merge_profile/default/module.json cache by regenerate.
[2026-05-07T22:53:29.256] [DEBUG] debug-file - Update task entry:default@MergeProfile input file:/Volumes/MacMiniDisk/workspace/CortexTerminal2/src/Harmony/feature/settings/build/default/intermediates/merge_profile/default/module.json cache by regenerate.
[2026-05-07T22:53:29.256] [DEBUG] debug-file - Update task entry:default@MergeProfile output file:/Volumes/MacMiniDisk/workspace/CortexTerminal2/src/Harmony/product/entry/build/default/intermediates/merge_profile/default/module.json cache.
[2026-05-07T22:53:29.256] [DEBUG] debug-file - Incremental task entry:default@MergeProfile post-execution cost:1 ms .
[2026-05-07T22:53:29.256] [DEBUG] debug-file - There is no need to refresh cache, since the incremental task core:default@ProcessLibs is up-to-date.
[2026-05-07T22:53:29.256] [DEBUG] debug-file - Update task entry:default@MakePackInfo input file:/Volumes/MacMiniDisk/workspace/CortexTerminal2/src/Harmony/AppScope/app.json5 cache by regenerate.
[2026-05-07T22:53:29.256] [DEBUG] debug-file - Update task entry:default@MakePackInfo input file:/Volumes/MacMiniDisk/workspace/CortexTerminal2/src/Harmony/product/entry/src/main/module.json5 cache from map.
[2026-05-07T22:53:29.256] [DEBUG] debug-file - Update task entry:default@MakePackInfo input file:/Volumes/MacMiniDisk/workspace/CortexTerminal2/src/Harmony/build-profile.json5 cache by regenerate.
[2026-05-07T22:53:29.256] [DEBUG] debug-file - Update task entry:default@MakePackInfo output file:/Volumes/MacMiniDisk/workspace/CortexTerminal2/src/Harmony/product/entry/build/default/outputs/default/pack.info cache.
[2026-05-07T22:53:29.256] [DEBUG] debug-file - Incremental task entry:default@MakePackInfo post-execution cost:1 ms .
[2026-05-07T22:53:29.256] [DEBUG] debug-file - Update task entry:default@ProcessProfile input file:/Volumes/MacMiniDisk/workspace/CortexTerminal2/src/Harmony/product/entry/build/default/intermediates/merge_profile/default/module.json cache from map.
[2026-05-07T22:53:29.256] [DEBUG] debug-file - Update task entry:default@ProcessProfile output file:/Volumes/MacMiniDisk/workspace/CortexTerminal2/src/Harmony/product/entry/build/default/intermediates/process_profile/default/module.json cache.
[2026-05-07T22:53:29.256] [DEBUG] debug-file - Incremental task entry:default@ProcessProfile post-execution cost:1 ms .
[2026-05-07T22:53:29.256] [DEBUG] debug-file - There is no need to refresh cache, since the incremental task core:default@DoNativeStrip is up-to-date.
[2026-05-07T22:53:29.256] [DEBUG] debug-file - There is no need to refresh cache, since the incremental task entry:default@ProcessResource is up-to-date.
[2026-05-07T22:53:29.256] [DEBUG] debug-file - Update task entry:default@CompileResource input file:/Volumes/MacMiniDisk/workspace/CortexTerminal2/src/Harmony/product/entry/src/main/resources cache by regenerate.
[2026-05-07T22:53:29.257] [DEBUG] debug-file - Update task entry:default@CompileResource input file:/Volumes/MacMiniDisk/workspace/CortexTerminal2/src/Harmony/common/core/src/main/resources cache by regenerate.
[2026-05-07T22:53:29.257] [DEBUG] debug-file - Update task entry:default@CompileResource input file:/Volumes/MacMiniDisk/workspace/CortexTerminal2/src/Harmony/feature/terminal/src/main/resources cache by regenerate.
[2026-05-07T22:53:29.257] [DEBUG] debug-file - Update task entry:default@CompileResource input file:/Volumes/MacMiniDisk/workspace/CortexTerminal2/src/Harmony/AppScope/resources cache by regenerate.
[2026-05-07T22:53:29.257] [DEBUG] debug-file - Update task entry:default@CompileResource input file:/Volumes/MacMiniDisk/workspace/CortexTerminal2/src/Harmony/product/entry/build/default/intermediates/process_profile/default/module.json cache from map.
[2026-05-07T22:53:29.257] [DEBUG] debug-file - Update task entry:default@CompileResource input file:/Volumes/MacMiniDisk/workspace/CortexTerminal2/src/Harmony/product/entry/build/default/intermediates/res/default/resConfig.json cache by regenerate.
[2026-05-07T22:53:29.257] [DEBUG] debug-file - Update task entry:default@CompileResource output file:/Volumes/MacMiniDisk/workspace/CortexTerminal2/src/Harmony/product/entry/build/default/intermediates/res/default cache.
[2026-05-07T22:53:29.258] [DEBUG] debug-file - Update task entry:default@CompileResource output file:/Volumes/MacMiniDisk/workspace/CortexTerminal2/src/Harmony/product/entry/build/default/generated/r/default/ResourceTable.h cache.
[2026-05-07T22:53:29.258] [DEBUG] debug-file - Update task entry:default@CompileResource output file:/Volumes/MacMiniDisk/workspace/CortexTerminal2/src/Harmony/product/entry/build/default/generated/r/default cache.
[2026-05-07T22:53:29.258] [DEBUG] debug-file - Incremental task entry:default@CompileResource post-execution cost:2 ms .
[2026-05-07T22:53:29.258] [DEBUG] debug-file - There is no need to refresh cache, since the incremental task auth:default@ProcessLibs is up-to-date.
[2026-05-07T22:53:29.258] [DEBUG] debug-file - There is no need to refresh cache, since the incremental task terminal:default@ProcessLibs is up-to-date.
[2026-05-07T22:53:29.258] [DEBUG] debug-file - There is no need to refresh cache, since the incremental task worker:default@ProcessLibs is up-to-date.
[2026-05-07T22:53:29.258] [DEBUG] debug-file - There is no need to refresh cache, since the incremental task settings:default@ProcessLibs is up-to-date.
[2026-05-07T22:53:29.258] [DEBUG] debug-file - Update task entry:default@CompileArkTS input file:/Volumes/MacMiniDisk/workspace/CortexTerminal2/src/Harmony/product/entry/build/default/intermediates/loader/default cache from map.
[2026-05-07T22:53:29.258] [DEBUG] debug-file - Update task entry:default@CompileArkTS input file:/Volumes/MacMiniDisk/workspace/CortexTerminal2/src/Harmony/common/core/Index.ets cache by regenerate.
[2026-05-07T22:53:29.258] [DEBUG] debug-file - Update task entry:default@CompileArkTS input file:/Volumes/MacMiniDisk/workspace/CortexTerminal2/src/Harmony/feature/auth/Index.ets cache by regenerate.
[2026-05-07T22:53:29.258] [DEBUG] debug-file - Update task entry:default@CompileArkTS input file:/Volumes/MacMiniDisk/workspace/CortexTerminal2/src/Harmony/feature/terminal/Index.ets cache by regenerate.
[2026-05-07T22:53:29.258] [DEBUG] debug-file - Update task entry:default@CompileArkTS input file:/Volumes/MacMiniDisk/workspace/CortexTerminal2/src/Harmony/feature/worker/Index.ets cache by regenerate.
[2026-05-07T22:53:29.258] [DEBUG] debug-file - Update task entry:default@CompileArkTS input file:/Volumes/MacMiniDisk/workspace/CortexTerminal2/src/Harmony/feature/settings/Index.ets cache by regenerate.
[2026-05-07T22:53:29.258] [DEBUG] debug-file - Update task entry:default@CompileArkTS input file:/Volumes/MacMiniDisk/workspace/CortexTerminal2/src/Harmony/common/core/src/main/ets cache by regenerate.
[2026-05-07T22:53:29.259] [DEBUG] debug-file - Update task entry:default@CompileArkTS input file:/Volumes/MacMiniDisk/workspace/CortexTerminal2/src/Harmony/feature/auth/src/main/ets cache by regenerate.
[2026-05-07T22:53:29.259] [DEBUG] debug-file - Update task entry:default@CompileArkTS input file:/Volumes/MacMiniDisk/workspace/CortexTerminal2/src/Harmony/feature/terminal/src/main/ets cache by regenerate.
[2026-05-07T22:53:29.259] [DEBUG] debug-file - Update task entry:default@CompileArkTS input file:/Volumes/MacMiniDisk/workspace/CortexTerminal2/src/Harmony/feature/worker/src/main/ets cache by regenerate.
[2026-05-07T22:53:29.259] [DEBUG] debug-file - Update task entry:default@CompileArkTS input file:/Volumes/MacMiniDisk/workspace/CortexTerminal2/src/Harmony/feature/settings/src/main/ets cache by regenerate.
[2026-05-07T22:53:29.260] [DEBUG] debug-file - Update task entry:default@CompileArkTS input file:/Volumes/MacMiniDisk/workspace/CortexTerminal2/src/Harmony/product/entry/build/default/intermediates/res/default/resources/rawfile cache by regenerate.
[2026-05-07T22:53:29.260] [DEBUG] debug-file - Update task entry:default@CompileArkTS input file:/Volumes/MacMiniDisk/workspace/CortexTerminal2/src/Harmony/product/entry/build/default/intermediates/res/default/ResourceTable.txt cache by regenerate.
[2026-05-07T22:53:29.260] [DEBUG] debug-file - Update task entry:default@CompileArkTS input file:/Volumes/MacMiniDisk/workspace/CortexTerminal2/src/Harmony/product/entry/build/default/intermediates/res/default/ark_module.json cache by regenerate.
[2026-05-07T22:53:29.260] [DEBUG] debug-file - Update task entry:default@CompileArkTS input file:/Volumes/MacMiniDisk/workspace/CortexTerminal2/src/Harmony/product/entry/build/default/intermediates/res/default/resources/base/profile cache by regenerate.
[2026-05-07T22:53:29.260] [DEBUG] debug-file - Update task entry:default@CompileArkTS input file:/Volumes/MacMiniDisk/workspace/CortexTerminal2/src/Harmony/product/entry/src/main/ets cache by regenerate.
[2026-05-07T22:53:29.260] [DEBUG] debug-file - Update task entry:default@CompileArkTS input file:/Volumes/MacMiniDisk/workspace/CortexTerminal2/src/Harmony/product/entry/build/default/generated/profile/default/BuildProfile.ets cache by regenerate.
[2026-05-07T22:53:29.260] [DEBUG] debug-file - Update task entry:default@CompileArkTS input file:/Volumes/MacMiniDisk/workspace/CortexTerminal2/src/Harmony/common/core/BuildProfile.ets cache by regenerate.
[2026-05-07T22:53:29.260] [DEBUG] debug-file - Update task entry:default@CompileArkTS input file:/Volumes/MacMiniDisk/workspace/CortexTerminal2/src/Harmony/feature/auth/BuildProfile.ets cache by regenerate.
[2026-05-07T22:53:29.260] [DEBUG] debug-file - Update task entry:default@CompileArkTS input file:/Volumes/MacMiniDisk/workspace/CortexTerminal2/src/Harmony/feature/terminal/BuildProfile.ets cache by regenerate.
[2026-05-07T22:53:29.260] [DEBUG] debug-file - Update task entry:default@CompileArkTS input file:/Volumes/MacMiniDisk/workspace/CortexTerminal2/src/Harmony/feature/worker/BuildProfile.ets cache by regenerate.
[2026-05-07T22:53:29.260] [DEBUG] debug-file - Update task entry:default@CompileArkTS input file:/Volumes/MacMiniDisk/workspace/CortexTerminal2/src/Harmony/feature/settings/BuildProfile.ets cache by regenerate.
[2026-05-07T22:53:29.260] [DEBUG] debug-file - Update task entry:default@CompileArkTS output file:/Volumes/MacMiniDisk/workspace/CortexTerminal2/src/Harmony/product/entry/build/default/intermediates/loader_out/default/ets cache.
[2026-05-07T22:53:29.260] [DEBUG] debug-file - Incremental task entry:default@CompileArkTS post-execution cost:3 ms .
[2026-05-07T22:53:29.260] [DEBUG] debug-file - Update task entry:default@BuildJS input file:/Volumes/MacMiniDisk/workspace/CortexTerminal2/src/Harmony/product/entry/build/default/intermediates/loader/default cache by regenerate.
[2026-05-07T22:53:29.261] [DEBUG] debug-file - Update task entry:default@BuildJS input file:/Volumes/MacMiniDisk/workspace/CortexTerminal2/src/Harmony/common/core/Index.ets cache by regenerate.
[2026-05-07T22:53:29.261] [DEBUG] debug-file - Update task entry:default@BuildJS input file:/Volumes/MacMiniDisk/workspace/CortexTerminal2/src/Harmony/feature/auth/Index.ets cache by regenerate.
[2026-05-07T22:53:29.261] [DEBUG] debug-file - Update task entry:default@BuildJS input file:/Volumes/MacMiniDisk/workspace/CortexTerminal2/src/Harmony/feature/terminal/Index.ets cache by regenerate.
[2026-05-07T22:53:29.261] [DEBUG] debug-file - Update task entry:default@BuildJS input file:/Volumes/MacMiniDisk/workspace/CortexTerminal2/src/Harmony/feature/worker/Index.ets cache by regenerate.
[2026-05-07T22:53:29.261] [DEBUG] debug-file - Update task entry:default@BuildJS input file:/Volumes/MacMiniDisk/workspace/CortexTerminal2/src/Harmony/feature/settings/Index.ets cache by regenerate.
[2026-05-07T22:53:29.261] [DEBUG] debug-file - Update task entry:default@BuildJS input file:/Volumes/MacMiniDisk/workspace/CortexTerminal2/src/Harmony/product/entry/build/default/intermediates/res/default/resources/rawfile cache by regenerate.
[2026-05-07T22:53:29.261] [DEBUG] debug-file - Update task entry:default@BuildJS input file:/Volumes/MacMiniDisk/workspace/CortexTerminal2/src/Harmony/product/entry/build/default/intermediates/res/default/ResourceTable.txt cache by regenerate.
[2026-05-07T22:53:29.261] [DEBUG] debug-file - Update task entry:default@BuildJS input file:/Volumes/MacMiniDisk/workspace/CortexTerminal2/src/Harmony/product/entry/build/default/intermediates/res/default/ark_module.json cache by regenerate.
[2026-05-07T22:53:29.261] [DEBUG] debug-file - Update task entry:default@BuildJS input file:/Volumes/MacMiniDisk/workspace/CortexTerminal2/src/Harmony/product/entry/build/default/intermediates/res/default/resources/base/profile cache by regenerate.
[2026-05-07T22:53:29.261] [DEBUG] debug-file - Update task entry:default@BuildJS output file:/Volumes/MacMiniDisk/workspace/CortexTerminal2/src/Harmony/product/entry/build/default/intermediates/loader_out/default/js cache.
[2026-05-07T22:53:29.261] [DEBUG] debug-file - Incremental task entry:default@BuildJS post-execution cost:1 ms .
[2026-05-07T22:53:29.261] [DEBUG] debug-file - There is no need to refresh cache, since the incremental task auth:default@DoNativeStrip is up-to-date.
[2026-05-07T22:53:29.261] [DEBUG] debug-file - There is no need to refresh cache, since the incremental task terminal:default@DoNativeStrip is up-to-date.
[2026-05-07T22:53:29.261] [DEBUG] debug-file - There is no need to refresh cache, since the incremental task worker:default@DoNativeStrip is up-to-date.
[2026-05-07T22:53:29.261] [DEBUG] debug-file - There is no need to refresh cache, since the incremental task settings:default@DoNativeStrip is up-to-date.
[2026-05-07T22:53:29.261] [DEBUG] debug-file - There is no need to refresh cache, since the incremental task entry:default@ProcessLibs is up-to-date.
[2026-05-07T22:53:29.261] [DEBUG] debug-file - There is no need to refresh cache, since the incremental task entry:default@DoNativeStrip is up-to-date.
[2026-05-07T22:53:29.261] [DEBUG] debug-file - There is no need to refresh cache, since the incremental task entry:default@CacheNativeLibs is up-to-date.
[2026-05-07T22:53:29.261] [DEBUG] debug-file - Update task entry:default@GeneratePkgModuleJson input file:/Volumes/MacMiniDisk/workspace/CortexTerminal2/src/Harmony/product/entry/build/default/intermediates/res/default/module.json cache from map.
[2026-05-07T22:53:29.261] [DEBUG] debug-file - Update task entry:default@GeneratePkgModuleJson output file:/Volumes/MacMiniDisk/workspace/CortexTerminal2/src/Harmony/product/entry/build/default/intermediates/package/default/module.json cache.
[2026-05-07T22:53:29.261] [DEBUG] debug-file - Incremental task entry:default@GeneratePkgModuleJson post-execution cost:1 ms .
[2026-05-07T22:53:29.261] [DEBUG] debug-file - Incremental task entry:default@ProcessCompiledResources post-execution cost:1 ms .
[2026-05-07T22:53:29.261] [DEBUG] debug-file - Update task entry:default@PackageHap input file:/Volumes/MacMiniDisk/workspace/CortexTerminal2/src/Harmony/product/entry/build/default/intermediates/stripped_native_libs/default cache by regenerate.
[2026-05-07T22:53:29.261] [DEBUG] debug-file - Update task entry:default@PackageHap input file:/Volumes/MacMiniDisk/workspace/CortexTerminal2/src/Harmony/product/entry/build/default/intermediates/res/default/module.json cache from map.
[2026-05-07T22:53:29.261] [DEBUG] debug-file - Update task entry:default@PackageHap input file:/Volumes/MacMiniDisk/workspace/CortexTerminal2/src/Harmony/product/entry/build/default/intermediates/res/default/resources cache by regenerate.
[2026-05-07T22:53:29.262] [DEBUG] debug-file - Update task entry:default@PackageHap input file:/Volumes/MacMiniDisk/workspace/CortexTerminal2/src/Harmony/product/entry/build/default/intermediates/res/default/resources.index cache by regenerate.
[2026-05-07T22:53:29.262] [DEBUG] debug-file - Update task entry:default@PackageHap input file:/Volumes/MacMiniDisk/workspace/CortexTerminal2/src/Harmony/product/entry/build/default/outputs/default/pack.info cache by regenerate.
[2026-05-07T22:53:29.262] [DEBUG] debug-file - Update task entry:default@PackageHap input file:/Volumes/MacMiniDisk/workspace/CortexTerminal2/src/Harmony/product/entry/build/default/intermediates/loader_out/default/ets cache by regenerate.
[2026-05-07T22:53:29.262] [DEBUG] debug-file - Update task entry:default@PackageHap input file:/Volumes/MacMiniDisk/workspace/CortexTerminal2/src/Harmony/product/entry/build/default/intermediates/loader_out/default/ets/sourceMaps.map cache by regenerate.
[2026-05-07T22:53:29.262] [DEBUG] debug-file - Update task entry:default@PackageHap input file:/Volumes/MacMiniDisk/workspace/CortexTerminal2/src/Harmony/product/entry/build/default/generated/profile/default/BuildProfile.ets cache by regenerate.
[2026-05-07T22:53:29.262] [DEBUG] debug-file - Update task entry:default@PackageHap output file:/Volumes/MacMiniDisk/workspace/CortexTerminal2/src/Harmony/product/entry/build/default/outputs/default/entry-default-unsigned.hap cache.
[2026-05-07T22:53:29.262] [DEBUG] debug-file - Update task entry:default@PackageHap output file:/Volumes/MacMiniDisk/workspace/CortexTerminal2/src/Harmony/product/entry/build/default/intermediates/source_map/default/sourceMaps.map cache.
[2026-05-07T22:53:29.262] [DEBUG] debug-file - Update task entry:default@PackageHap output file:/Volumes/MacMiniDisk/workspace/CortexTerminal2/src/Harmony/product/entry/build/default/outputs/default/mapping/sourceMaps.map cache.
[2026-05-07T22:53:29.262] [DEBUG] debug-file - Incremental task entry:default@PackageHap post-execution cost:1 ms .
[2026-05-07T22:53:29.262] [DEBUG] debug-file - Update task entry:default@SignHap input file:/Volumes/MacMiniDisk/Users/echo/.ohos/config/default_Harmony_HnF8a7Uyvrc5G0yM8GOeZcJ-u6-OowP91NxpDiMSmZM=.cer cache by regenerate.
[2026-05-07T22:53:29.262] [DEBUG] debug-file - Update task entry:default@SignHap input file:/Volumes/MacMiniDisk/Users/echo/.ohos/config/default_Harmony_HnF8a7Uyvrc5G0yM8GOeZcJ-u6-OowP91NxpDiMSmZM=.p7b cache by regenerate.
[2026-05-07T22:53:29.262] [DEBUG] debug-file - Update task entry:default@SignHap input file:/Volumes/MacMiniDisk/Users/echo/.ohos/config/default_Harmony_HnF8a7Uyvrc5G0yM8GOeZcJ-u6-OowP91NxpDiMSmZM=.p12 cache by regenerate.
[2026-05-07T22:53:29.262] [DEBUG] debug-file - Update task entry:default@SignHap input file:/Volumes/MacMiniDisk/workspace/CortexTerminal2/src/Harmony/product/entry/build/default/outputs/default/entry-default-unsigned.hap cache from map.
[2026-05-07T22:53:29.262] [DEBUG] debug-file - Update task entry:default@SignHap output file:/Volumes/MacMiniDisk/workspace/CortexTerminal2/src/Harmony/product/entry/build/default/outputs/default/entry-default-signed.hap cache.
[2026-05-07T22:53:29.262] [DEBUG] debug-file - Incremental task entry:default@SignHap post-execution cost:1 ms .
[2026-05-07T22:53:29.262] [DEBUG] debug-file - Update task entry:default@CollectDebugSymbol input file:/Volumes/MacMiniDisk/workspace/CortexTerminal2/src/Harmony/product/entry/build/default/intermediates/loader_out/default/ets/sourceMaps.map cache by regenerate.
[2026-05-07T22:53:29.262] [DEBUG] debug-file - Update task entry:default@CollectDebugSymbol input file:/Volumes/MacMiniDisk/workspace/CortexTerminal2/src/Harmony/product/entry/build/default/intermediates/libs/default cache by regenerate.
[2026-05-07T22:53:29.262] [DEBUG] debug-file - Update task entry:default@CollectDebugSymbol output file:/Volumes/MacMiniDisk/workspace/CortexTerminal2/src/Harmony/product/entry/build/default/outputs/default/symbol cache.
[2026-05-07T22:53:29.263] [DEBUG] debug-file - Incremental task entry:default@CollectDebugSymbol post-execution cost:1 ms .
[2026-05-07T22:53:29.282] [DEBUG] debug-file - Cleanup worker 6.
[2026-05-07T22:53:29.283] [DEBUG] debug-file - Worker 6 has been cleaned up.
[2026-05-07T22:53:29.283] [DEBUG] debug-file - Current idle worker size: 1.
[2026-05-07T22:53:29.283] [DEBUG] debug-file - Current resident worker size: 2.
[2026-05-07T22:53:29.283] [DEBUG] debug-file - hvigor build process will be closed.
[2026-05-07T22:53:29.283] [DEBUG] debug-file - java daemon socket close code:1000 reason:close by user
[2026-05-07T22:53:29.287] [DEBUG] debug-file - worker[6] exits with exit code 1.
[2026-05-07T22:53:29.290] [DEBUG] debug-file - session manager: send message to worker process.
[2026-05-07T22:53:29.290] [DEBUG] debug-file - session manager: send message to worker process.
[2026-05-07T22:53:29.290] [DEBUG] debug-file - watch worker: worker id should be larger than 0. Nothing will be sent to any worker thread.
[2026-05-07T22:53:29.290] [DEBUG] debug-file - watch worker: worker id should be larger than 0. Nothing will be sent to any worker thread.
